<?xml version="1.0" encoding="UTF-8"?>
<!-- Generated by org.testng.reporters.JUnitReportReporter -->
<testsuite hostname="Sprawl" failures="0" tests="2" name="TestRunner" time="0.153" errors="0" timestamp="8 Jul 2018 16:51:37 GMT">
  <testcase classname="TestRunner" name="feature" time="0.037"/>
  <testcase classname="TestRunner" name="feature" time="0.116"/>
</testsuite> <!-- TestRunner -->
